Using pre-set license
Built from '2020.3/staging' branch; Version is '2020.3.9f1 (108be757e447) revision 1084391'; Using compiler version '192528614'; Build Type 'Release'
OS: 'Windows 10 Education; OS build 19042.1237; Version 2009; 64bit' Language: 'ko' Physical Memory: 130992 MB
BatchMode: 1, IsHumanControllingUs: 0, StartBugReporterOnCrash: 0, Is64bit: 1, IsPro: 0

 COMMAND LINE ARGUMENTS:
C:\Program Files\Unity\Hub\Editor\2020.3.9f1\Editor\Unity.exe
-adb2
-batchMode
-noUpm
-name
AssetImportWorker0
-projectPath
C:/Users/i9-10900K/Desktop/31005 김완중/Euro_Truck_TEST1
-logFile
Logs/AssetImportWorker0.log
-srvPort
49892
Successfully changed project path to: C:/Users/i9-10900K/Desktop/31005 김완중/Euro_Truck_TEST1
C:/Users/i9-10900K/Desktop/31005 김완중/Euro_Truck_TEST1
Using Asset Import Pipeline V2.
Refreshing native plugins compatible for Editor in 19.81 ms, found 5 plugins.
Preloading 0 native plugins for Editor in 0.00 ms.
Initialize engine version: 2020.3.9f1 (108be757e447)
[Subsystems] Discovering subsystems at path C:/Program Files/Unity/Hub/Editor/2020.3.9f1/Editor/Data/Resources/UnitySubsystems
[Subsystems] Discovering subsystems at path C:/Users/i9-10900K/Desktop/31005 김완중/Euro_Truck_TEST1/Assets
GfxDevice: creating device client; threaded=0
Direct3D:
    Version:  Direct3D 11.0 [level 11.1]
    Renderer: NVIDIA GeForce RTX 3090 (ID=0x2204)
    Vendor:   
    VRAM:     24348 MB
    Driver:   30.0.14.7168
Initialize mono
Mono path[0] = 'C:/Program Files/Unity/Hub/Editor/2020.3.9f1/Editor/Data/Managed'
Mono path[1] = 'C:/Program Files/Unity/Hub/Editor/2020.3.9f1/Editor/Data/MonoBleedingEdge/lib/mono/unityjit'
Mono config path = 'C:/Program Files/Unity/Hub/Editor/2020.3.9f1/Editor/Data/MonoBleedingEdge/etc'
Using monoOptions --debugger-agent=transport=dt_socket,embedding=1,server=y,suspend=n,address=127.0.0.1:56436
Begin MonoManager ReloadAssembly
Registering precompiled unity dll's ...
Register platform support module: C:/Program Files/Unity/Hub/Editor/2020.3.9f1/Editor/Data/PlaybackEngines/WindowsStandaloneSupport/UnityEditor.WindowsStandalone.Extensions.dll
Registered in 0.001562 seconds.
Native extension for WindowsStandalone target not found
Refreshing native plugins compatible for Editor in 18.64 ms, found 5 plugins.
Preloading 0 native plugins for Editor in 0.00 ms.
Mono: successfully reloaded assembly
- Completed reload, in  0.773 seconds
Platform modules already initialized, skipping
Registering precompiled user dll's ...
Registered in 0.001232 seconds.
Begin MonoManager ReloadAssembly
Native extension for WindowsStandalone target not found
Refreshing native plugins compatible for Editor in 0.26 ms, found 5 plugins.
Preloading 0 native plugins for Editor in 0.00 ms.
Mono: successfully reloaded assembly
- Completed reload, in  0.583 seconds
Platform modules already initialized, skipping
========================================================================
Worker process is ready to serve import requests
Launched and connected shader compiler UnityShaderCompiler.exe after 0.03 seconds
Refreshing native plugins compatible for Editor in 0.26 ms, found 5 plugins.
Preloading 0 native plugins for Editor in 0.00 ms.
Unloading 1139 Unused Serialized files (Serialized files now loaded: 0)
System memory in use before: 75.6 MB.
System memory in use after: 75.5 MB.

Unloading 16 unused Assets to reduce memory usage. Loaded Objects now: 1611.
Total: 1.378800 ms (FindLiveObjects: 0.111800 ms CreateObjectMapping: 0.029200 ms MarkObjects: 1.058200 ms  DeleteObjects: 0.178900 ms)

========================================================================
Received Import Request.
  path: Assets/RCK 2.3/Scripts/VehicleControl.cs
  artifactKey: Guid(00030e199cdd9934dbd15380a1bcabab) Importer(815301076,1909f56bfc062723c751e8b465ee728b)
Start importing Assets/RCK 2.3/Scripts/VehicleControl.cs using Guid(00030e199cdd9934dbd15380a1bcabab) Importer(815301076,1909f56bfc062723c751e8b465ee728b)  -> (artifact id: 'd579055ced7a4b4542dfee2c4c0f7b17') in 0.062339 seconds
  Import took 0.063956 seconds .

========================================================================
Received Import Request.
  Time since last request: 0.000193 seconds.
  path: Assets/RCK 2.3/Scripts/VehicleDamage.cs
  artifactKey: Guid(05fa078d2d0ce344ab4de361da32ebfd) Importer(815301076,1909f56bfc062723c751e8b465ee728b)
Start importing Assets/RCK 2.3/Scripts/VehicleDamage.cs using Guid(05fa078d2d0ce344ab4de361da32ebfd) Importer(815301076,1909f56bfc062723c751e8b465ee728b)  -> (artifact id: '9e98e5e159af61103bce77906233cd04') in 0.003788 seconds
  Import took 0.005049 seconds .

========================================================================
Received Prepare
Refreshing native plugins compatible for Editor in 2.25 ms, found 5 plugins.
Preloading 0 native plugins for Editor in 0.00 ms.
Unloading 9 Unused Serialized files (Serialized files now loaded: 0)
System memory in use before: 52.7 MB.
System memory in use after: 52.6 MB.

Unloading 9 unused Assets to reduce memory usage. Loaded Objects now: 1611.
Total: 1.336500 ms (FindLiveObjects: 0.115700 ms CreateObjectMapping: 0.028900 ms MarkObjects: 1.031500 ms  DeleteObjects: 0.159700 ms)

========================================================================
Received Import Request.
  Time since last request: 73.797851 seconds.
  path: Assets/RCK 2.3/Scripts/VehicleControl.cs
  artifactKey: Guid(00030e199cdd9934dbd15380a1bcabab) Importer(815301076,1909f56bfc062723c751e8b465ee728b)
Start importing Assets/RCK 2.3/Scripts/VehicleControl.cs using Guid(00030e199cdd9934dbd15380a1bcabab) Importer(815301076,1909f56bfc062723c751e8b465ee728b)  -> (artifact id: '3170c2bf2073c3257030dbd1d224a260') in 0.001543 seconds
  Import took 0.003172 seconds .

========================================================================
Received Prepare
Registering precompiled user dll's ...
Registered in 0.001158 seconds.
Begin MonoManager ReloadAssembly
Native extension for WindowsStandalone target not found
Refreshing native plugins compatible for Editor in 0.26 ms, found 5 plugins.
Preloading 0 native plugins for Editor in 0.00 ms.
Mono: successfully reloaded assembly
- Completed reload, in  0.550 seconds
Platform modules already initialized, skipping
Refreshing native plugins compatible for Editor in 0.27 ms, found 5 plugins.
Preloading 0 native plugins for Editor in 0.00 ms.
Unloading 1130 Unused Serialized files (Serialized files now loaded: 0)
System memory in use before: 75.1 MB.
System memory in use after: 75.0 MB.

Unloading 11 unused Assets to reduce memory usage. Loaded Objects now: 1614.
Total: 1.349700 ms (FindLiveObjects: 0.103700 ms CreateObjectMapping: 0.027100 ms MarkObjects: 1.044500 ms  DeleteObjects: 0.173300 ms)

